<?xml version="1.0" encoding="UTF-8"?>
<testsuite xmlns:xsi="http://www.w3.org/2001/XMLSchema-instance" xsi:noNamespaceSchemaLocation="https://maven.apache.org/surefire/maven-surefire-plugin/xsd/surefire-test-report.xsd" name="Department.DepartmentTest" time="0.909" tests="1" errors="1" skipped="0" failures="0">
  <properties>
[...]
</properties>
  <testcase name="Department.DepartmentTest" classname="Department.DepartmentTest" time="0.906">
    <error message="Cannot configure logging since request specification is not defined. You may be misusing the API." type="java.lang.IllegalStateException">java.lang.IllegalStateException: Cannot configure logging since request specification is not defined. You may be misusing the API.
	at Department.DepartmentTest.beforeAll(DepartmentTest.java:28)
</error>
  </testcase>
</testsuite>